[    15.697] (--) Log file renamed from "/home/hansangbin/.local/share/xorg/Xorg.pid-1161.log" to "/home/hansangbin/.local/share/xorg/Xorg.0.log"
[    15.718] 
X.Org X Server 1.20.13
X Protocol Version 11, Revision 0
[    15.719] Build Operating System: linux Ubuntu
[    15.719] Current Operating System: Linux hansangbin-VirtualBox 5.13.0-30-generic #33~20.04.1-Ubuntu SMP Mon Feb 7 14:25:10 UTC 2022 x86_64
[    15.719] Kernel command line: BOOT_IMAGE=/boot/vmlinuz-5.13.0-30-generic root=UUID=9c2f25cf-7598-43c8-8b62-964d0c19e6c2 ro quiet splash
[    15.719] Build Date: 14 December 2021  02:14:13PM
[    15.719] xorg-server 2:1.20.13-1ubuntu1~20.04.2 (For technical support please see http://www.ubuntu.com/support) 
[    15.719] Current version of pixman: 0.38.4
[    15.719] 	Before reporting problems, check http://wiki.x.org
	to make sure that you have the latest version.
[    15.719] Markers: (--) probed, (**) from config file, (==) default setting,
	(++) from command line, (!!) notice, (II) informational,
	(WW) warning, (EE) error, (NI) not implemented, (??) unknown.
[    15.721] (==) Log file: "/home/hansangbin/.local/share/xorg/Xorg.0.log", Time: Tue Mar 29 18:46:57 2022
[    15.722] (==) Using system config directory "/usr/share/X11/xorg.conf.d"
[    15.726] (==) No Layout section.  Using the first Screen section.
[    15.726] (==) No screen section available. Using defaults.
[    15.726] (**) |-->Screen "Default Screen Section" (0)
[    15.726] (**) |   |-->Monitor "<default monitor>"
[    15.729] (==) No monitor specified for screen "Default Screen Section".
	Using a default monitor configuration.
[    15.729] (==) Automatically adding devices
[    15.729] (==) Automatically enabling devices
[    15.729] (==) Automatically adding GPU devices
[    15.730] (==) Automatically binding GPU devices
[    15.730] (==) Max clients allowed: 256, resource mask: 0x1fffff
[    15.730] (WW) The directory "/usr/share/fonts/X11/cyrillic" does not exist.
[    15.730] 	Entry deleted from font path.
[    15.730] (WW) The directory "/usr/share/fonts/X11/100dpi/" does not exist.
[    15.730] 	Entry deleted from font path.
[    15.730] (WW) The directory "/usr/share/fonts/X11/75dpi/" does not exist.
[    15.730] 	Entry deleted from font path.
[    15.730] (WW) The directory "/usr/share/fonts/X11/100dpi" does not exist.
[    15.730] 	Entry deleted from font path.
[    15.730] (WW) The directory "/usr/share/fonts/X11/75dpi" does not exist.
[    15.730] 	Entry deleted from font path.
[    15.730] (==) FontPath set to:
	/usr/share/fonts/X11/misc,
	/usr/share/fonts/X11/Type1,
	built-ins
[    15.730] (==) ModulePath set to "/usr/lib/xorg/modules"
[    15.730] (II) The server relies on udev to provide the list of input devices.
	If no devices become available, reconfigure udev or disable AutoAddDevices.
[    15.730] (II) Loader magic: 0x557007c2c020
[    15.731] (II) Module ABI versions:
[    15.731] 	X.Org ANSI C Emulation: 0.4
[    15.731] 	X.Org Video Driver: 24.1
[    15.731] 	X.Org XInput driver : 24.1
[    15.731] 	X.Org Server Extension : 10.0
[    15.731] (++) using VT number 2

[    15.733] (II) systemd-logind: took control of session /org/freedesktop/login1/session/_32
[    15.736] (II) xfree86: Adding drm device (/dev/dri/card0)
[    15.737] (II) systemd-logind: got fd for /dev/dri/card0 226:0 fd 12 paused 0
[    15.739] (--) PCI:*(0@0:2:0) 80ee:beef:15ad:0405 rev 0, Mem @ 0xe0000000/33554432, 0xf0000000/2097152, I/O @ 0x0000d000/16, BIOS @ 0x????????/131072
[    15.739] (II) LoadModule: "glx"
[    15.740] (II) Loading /usr/lib/xorg/modules/extensions/libglx.so
[    15.743] (II) Module glx: vendor="X.Org Foundation"
[    15.743] 	compiled for 1.20.13, module version = 1.0.0
[    15.743] 	ABI class: X.Org Server Extension, version 10.0
[    15.743] (==) Matched vboxvideo as autoconfigured driver 0
[    15.743] (==) Matched modesetting as autoconfigured driver 1
[    15.744] (==) Matched fbdev as autoconfigured driver 2
[    15.744] (==) Matched vesa as autoconfigured driver 3
[    15.744] (==) Assigned the driver to the xf86ConfigLayout
[    15.744] (II) LoadModule: "vboxvideo"
[    15.745] (WW) Warning, couldn't open module vboxvideo
[    15.745] (EE) Failed to load module "vboxvideo" (module does not exist, 0)
[    15.745] (II) LoadModule: "modesetting"
[    15.745] (II) Loading /usr/lib/xorg/modules/drivers/modesetting_drv.so
[    15.749] (II) Module modesetting: vendor="X.Org Foundation"
[    15.749] 	compiled for 1.20.13, module version = 1.20.13
[    15.749] 	Module class: X.Org Video Driver
[    15.749] 	ABI class: X.Org Video Driver, version 24.1
[    15.749] (II) LoadModule: "fbdev"
[    15.750] (II) Loading /usr/lib/xorg/modules/drivers/fbdev_drv.so
[    15.754] (II) Module fbdev: vendor="X.Org Foundation"
[    15.754] 	compiled for 1.20.1, module version = 0.5.0
[    15.754] 	Module class: X.Org Video Driver
[    15.754] 	ABI class: X.Org Video Driver, version 24.0
[    15.754] (II) LoadModule: "vesa"
[    15.754] (II) Loading /usr/lib/xorg/modules/drivers/vesa_drv.so
[    15.755] (II) Module vesa: vendor="X.Org Foundation"
[    15.755] 	compiled for 1.20.4, module version = 2.4.0
[    15.756] 	Module class: X.Org Video Driver
[    15.756] 	ABI class: X.Org Video Driver, version 24.0
[    15.756] (==) Matched vboxvideo as autoconfigured driver 0
[    15.756] (==) Matched modesetting as autoconfigured driver 1
[    15.756] (==) Matched fbdev as autoconfigured driver 2
[    15.756] (==) Matched vesa as autoconfigured driver 3
[    15.756] (==) Assigned the driver to the xf86ConfigLayout
[    15.756] (II) LoadModule: "vboxvideo"
[    15.756] (WW) Warning, couldn't open module vboxvideo
[    15.756] (EE) Failed to load module "vboxvideo" (module does not exist, 0)
[    15.756] (II) LoadModule: "modesetting"
[    15.757] (II) Loading /usr/lib/xorg/modules/drivers/modesetting_drv.so
[    15.757] (II) Module modesetting: vendor="X.Org Foundation"
[    15.757] 	compiled for 1.20.13, module version = 1.20.13
[    15.757] 	Module class: X.Org Video Driver
[    15.757] 	ABI class: X.Org Video Driver, version 24.1
[    15.757] (II) UnloadModule: "modesetting"
[    15.757] (II) Unloading modesetting
[    15.757] (II) Failed to load module "modesetting" (already loaded, 0)
[    15.757] (II) LoadModule: "fbdev"
[    15.757] (II) Loading /usr/lib/xorg/modules/drivers/fbdev_drv.so
[    15.757] (II) Module fbdev: vendor="X.Org Foundation"
[    15.757] 	compiled for 1.20.1, module version = 0.5.0
[    15.757] 	Module class: X.Org Video Driver
[    15.758] 	ABI class: X.Org Video Driver, version 24.0
[    15.758] (II) UnloadModule: "fbdev"
[    15.758] (II) Unloading fbdev
[    15.758] (II) Failed to load module "fbdev" (already loaded, 0)
[    15.758] (II) LoadModule: "vesa"
[    15.758] (II) Loading /usr/lib/xorg/modules/drivers/vesa_drv.so
[    15.758] (II) Module vesa: vendor="X.Org Foundation"
[    15.758] 	compiled for 1.20.4, module version = 2.4.0
[    15.758] 	Module class: X.Org Video Driver
[    15.758] 	ABI class: X.Org Video Driver, version 24.0
[    15.758] (II) UnloadModule: "vesa"
[    15.759] (II) Unloading vesa
[    15.759] (II) Failed to load module "vesa" (already loaded, 0)
[    15.759] (II) modesetting: Driver for Modesetting Kernel Drivers: kms
[    15.759] (II) FBDEV: driver for framebuffer: fbdev
[    15.759] (II) VESA: driver for VESA chipsets: vesa
[    15.759] xf86EnableIOPorts: failed to set IOPL for I/O (Operation not permitted)
[    15.759] (II) modeset(0): using drv /dev/dri/card0
[    15.759] (WW) Falling back to old probe method for fbdev
[    15.760] (II) Loading sub module "fbdevhw"
[    15.760] (II) LoadModule: "fbdevhw"
[    15.760] (II) Loading /usr/lib/xorg/modules/libfbdevhw.so
[    15.761] (II) Module fbdevhw: vendor="X.Org Foundation"
[    15.761] 	compiled for 1.20.13, module version = 0.0.2
[    15.761] 	ABI class: X.Org Video Driver, version 24.1
[    15.761] (EE) open /dev/fb0: Permission denied
[    15.761] (WW) VGA arbiter: cannot open kernel arbiter, no multi-card support
[    15.761] (II) modeset(0): Creating default Display subsection in Screen section
	"Default Screen Section" for depth/fbbpp 24/32
[    15.761] (==) modeset(0): Depth 24, (==) framebuffer bpp 32
[    15.762] (==) modeset(0): RGB weight 888
[    15.762] (==) modeset(0): Default visual is TrueColor
[    15.762] (II) Loading sub module "glamoregl"
[    15.762] (II) LoadModule: "glamoregl"
[    15.763] (II) Loading /usr/lib/xorg/modules/libglamoregl.so
[    15.778] (II) Module glamoregl: vendor="X.Org Foundation"
[    15.778] 	compiled for 1.20.13, module version = 1.0.1
[    15.778] 	ABI class: X.Org ANSI C Emulation, version 0.4
[    15.979] (II) modeset(0): Refusing to try glamor on llvmpipe
[    15.984] (EE) modeset(0): glamor initialization failed
[    15.984] (II) modeset(0): ShadowFB: preferred NO, enabled NO
[    15.986] (II) modeset(0): Output VGA-1 has no monitor section
[    15.988] (II) modeset(0): EDID for output VGA-1
[    15.988] (II) modeset(0): Manufacturer: VBX  Model: 0  Serial#: 39322400
[    15.988] (II) modeset(0): Year: 1990  Week: 1
[    15.988] (II) modeset(0): EDID Version: 1.3
[    15.988] (II) modeset(0): Digital Display Input
[    15.988] (II) modeset(0): Indeterminate output size
[    15.988] (II) modeset(0): Gamma: 2.20
[    15.988] (II) modeset(0): DPMS capabilities: StandBy Suspend Off
[    15.988] (II) modeset(0): Supported color encodings: RGB 4:4:4 YCrCb 4:4:4 
[    15.989] (II) modeset(0): Default color space is primary color space
[    15.989] (II) modeset(0): First detailed timing is preferred mode
[    15.989] (II) modeset(0): redX: 0.640 redY: 0.330   greenX: 0.300 greenY: 0.600
[    15.989] (II) modeset(0): blueX: 0.150 blueY: 0.060   whiteX: 0.312 whiteY: 0.329
[    15.989] (II) modeset(0): Manufacturer's mask: 0
[    15.989] (II) modeset(0): Supported detailed timing:
[    15.989] (II) modeset(0): clock: 29.3 MHz   Image Size:  0 x 0 mm
[    15.989] (II) modeset(0): h_active: 800  h_sync: 802  h_sync_end 804 h_blank_end 806 h_border: 0
[    15.989] (II) modeset(0): v_active: 600  v_sync: 600  v_sync_end 634 v_blanking: 606 v_border: 0
[    15.989] (II) modeset(0): Ranges: V min: 0 V max: 200 Hz, H min: 0 H max: 200 kHz, PixClock max 1005 MHz
[    15.989] (II) modeset(0): Monitor name: VBOX monitor
[    15.990] (II) modeset(0): EDID (in hex):
[    15.990] (II) modeset(0): 	00ffffffffffff005858000020035802
[    15.990] (II) modeset(0): 	0100010380000078eeee91a3544c9926
[    15.990] (II) modeset(0): 	0f505400000001010101010101010101
[    15.990] (II) modeset(0): 	010101010101720b2006305806200202
[    15.990] (II) modeset(0): 	0202000000000000000000fd0000c800
[    15.991] (II) modeset(0): 	c864000a202020202020000000fc0056
[    15.991] (II) modeset(0): 	424f58206d6f6e69746f720a00000010
[    15.991] (II) modeset(0): 	000a202020202020202020202020008f
[    15.992] (II) modeset(0): Printing probed modes for output VGA-1
[    15.992] (II) modeset(0): Modeline "800x600"x60.0   38.31  800 832 912 1024  600 603 607 624 -hsync +vsync (37.4 kHz P)
[    15.992] (II) modeset(0): Modeline "1920x1440"x60.0  234.00  1920 2048 2256 2600  1440 1441 1444 1500 -hsync +vsync (90.0 kHz e)
[    15.992] (II) modeset(0): Modeline "1856x1392"x60.0  218.25  1856 1952 2176 2528  1392 1393 1396 1439 -hsync +vsync (86.3 kHz e)
[    15.993] (II) modeset(0): Modeline "1792x1344"x60.0  204.75  1792 1920 2120 2448  1344 1345 1348 1394 -hsync +vsync (83.6 kHz e)
[    15.993] (II) modeset(0): Modeline "2048x1152"x60.0  162.00  2048 2074 2154 2250  1152 1153 1156 1200 +hsync +vsync (72.0 kHz e)
[    15.993] (II) modeset(0): Modeline "1920x1200"x59.9  193.25  1920 2056 2256 2592  1200 1203 1209 1245 -hsync +vsync (74.6 kHz e)
[    15.993] (II) modeset(0): Modeline "1920x1200"x60.0  154.00  1920 1968 2000 2080  1200 1203 1209 1235 +hsync -vsync (74.0 kHz e)
[    15.993] (II) modeset(0): Modeline "1920x1080"x60.0  148.50  1920 2008 2052 2200  1080 1084 1089 1125 -hsync -vsync (67.5 kHz e)
[    15.993] (II) modeset(0): Modeline "1600x1200"x60.0  162.00  1600 1664 1856 2160  1200 1201 1204 1250 +hsync +vsync (75.0 kHz e)
[    15.993] (II) modeset(0): Modeline "1680x1050"x60.0  146.25  1680 1784 1960 2240  1050 1053 1059 1089 -hsync +vsync (65.3 kHz e)
[    15.994] (II) modeset(0): Modeline "1680x1050"x59.9  119.00  1680 1728 1760 1840  1050 1053 1059 1080 +hsync -vsync (64.7 kHz e)
[    16.000] (II) modeset(0): Modeline "1400x1050"x60.0  121.75  1400 1488 1632 1864  1050 1053 1057 1089 -hsync +vsync (65.3 kHz e)
[    16.000] (II) modeset(0): Modeline "1400x1050"x59.9  101.00  1400 1448 1480 1560  1050 1053 1057 1080 +hsync -vsync (64.7 kHz e)
[    16.001] (II) modeset(0): Modeline "1600x900"x60.0  108.00  1600 1624 1704 1800  900 901 904 1000 +hsync +vsync (60.0 kHz e)
[    16.001] (II) modeset(0): Modeline "1280x1024"x60.0  108.00  1280 1328 1440 1688  1024 1025 1028 1066 +hsync +vsync (64.0 kHz e)
[    16.001] (II) modeset(0): Modeline "1440x900"x59.9  106.50  1440 1520 1672 1904  900 903 909 934 -hsync +vsync (55.9 kHz e)
[    16.002] (II) modeset(0): Modeline "1440x900"x59.9   88.75  1440 1488 1520 1600  900 903 909 926 +hsync -vsync (55.5 kHz e)
[    16.002] (II) modeset(0): Modeline "1280x960"x60.0  108.00  1280 1376 1488 1800  960 961 964 1000 +hsync +vsync (60.0 kHz e)
[    16.003] (II) modeset(0): Modeline "1366x768"x59.8   85.50  1366 1436 1579 1792  768 771 774 798 +hsync +vsync (47.7 kHz e)
[    16.003] (II) modeset(0): Modeline "1366x768"x60.0   72.00  1366 1380 1436 1500  768 769 772 800 +hsync +vsync (48.0 kHz e)
[    16.003] (II) modeset(0): Modeline "1360x768"x60.0   85.50  1360 1424 1536 1792  768 771 777 795 +hsync +vsync (47.7 kHz e)
[    16.003] (II) modeset(0): Modeline "1280x800"x59.8   83.50  1280 1352 1480 1680  800 803 809 831 -hsync +vsync (49.7 kHz e)
[    16.003] (II) modeset(0): Modeline "1280x800"x59.9   71.00  1280 1328 1360 1440  800 803 809 823 +hsync -vsync (49.3 kHz e)
[    16.003] (II) modeset(0): Modeline "1280x768"x59.9   79.50  1280 1344 1472 1664  768 771 778 798 -hsync +vsync (47.8 kHz e)
[    16.003] (II) modeset(0): Modeline "1280x768"x60.0   68.25  1280 1328 1360 1440  768 771 778 790 +hsync -vsync (47.4 kHz e)
[    16.003] (II) modeset(0): Modeline "1280x720"x60.0   74.25  1280 1390 1430 1650  720 725 730 750 +hsync +vsync (45.0 kHz e)
[    16.003] (II) modeset(0): Modeline "1024x768"x60.0   65.00  1024 1048 1184 1344  768 771 777 806 -hsync -vsync (48.4 kHz e)
[    16.003] (II) modeset(0): Modeline "800x600"x60.3   40.00  800 840 968 1056  600 601 605 628 +hsync +vsync (37.9 kHz e)
[    16.003] (II) modeset(0): Modeline "800x600"x56.2   36.00  800 824 896 1024  600 601 603 625 +hsync +vsync (35.2 kHz e)
[    16.003] (II) modeset(0): Modeline "848x480"x60.0   33.75  848 864 976 1088  480 486 494 517 +hsync +vsync (31.0 kHz e)
[    16.003] (II) modeset(0): Modeline "640x480"x59.9   25.18  640 656 752 800  480 490 492 525 -hsync -vsync (31.5 kHz e)
[    16.003] (II) modeset(0): Output VGA-1 connected
[    16.003] (II) modeset(0): Using exact sizes for initial modes
[    16.003] (II) modeset(0): Output VGA-1 using initial mode 800x600 +0+0
[    16.003] (==) modeset(0): Using gamma correction (1.0, 1.0, 1.0)
[    16.003] (==) modeset(0): DPI set to (96, 96)
[    16.003] (II) Loading sub module "fb"
[    16.003] (II) LoadModule: "fb"
[    16.003] (II) Loading /usr/lib/xorg/modules/libfb.so
[    16.007] (II) Module fb: vendor="X.Org Foundation"
[    16.007] 	compiled for 1.20.13, module version = 1.0.0
[    16.007] 	ABI class: X.Org ANSI C Emulation, version 0.4
[    16.007] (II) UnloadModule: "fbdev"
[    16.007] (II) Unloading fbdev
[    16.007] (II) UnloadSubModule: "fbdevhw"
[    16.007] (II) Unloading fbdevhw
[    16.007] (II) UnloadModule: "vesa"
[    16.007] (II) Unloading vesa
[    16.008] (==) modeset(0): Backing store enabled
[    16.008] (==) modeset(0): Silken mouse enabled
[    16.009] (II) modeset(0): Initializing kms color map for depth 24, 8 bpc.
[    16.009] (==) modeset(0): DPMS enabled
[    16.009] (II) Initializing extension Generic Event Extension
[    16.009] (II) Initializing extension SHAPE
[    16.009] (II) Initializing extension MIT-SHM
[    16.009] (II) Initializing extension XInputExtension
[    16.010] (II) Initializing extension XTEST
[    16.010] (II) Initializing extension BIG-REQUESTS
[    16.010] (II) Initializing extension SYNC
[    16.010] (II) Initializing extension XKEYBOARD
[    16.010] (II) Initializing extension XC-MISC
[    16.010] (II) Initializing extension SECURITY
[    16.010] (II) Initializing extension XFIXES
[    16.010] (II) Initializing extension RENDER
[    16.010] (II) Initializing extension RANDR
[    16.011] (II) Initializing extension COMPOSITE
[    16.011] (II) Initializing extension DAMAGE
[    16.011] (II) Initializing extension MIT-SCREEN-SAVER
[    16.011] (II) Initializing extension DOUBLE-BUFFER
[    16.011] (II) Initializing extension RECORD
[    16.011] (II) Initializing extension DPMS
[    16.011] (II) Initializing extension Present
[    16.011] (II) Initializing extension DRI3
[    16.011] (II) Initializing extension X-Resource
[    16.011] (II) Initializing extension XVideo
[    16.011] (II) Initializing extension XVideo-MotionCompensation
[    16.011] (II) Initializing extension SELinux
[    16.011] (II) SELinux: Disabled on system
[    16.011] (II) Initializing extension GLX
[    16.018] (II) AIGLX: Screen 0 is not DRI2 capable
[    16.076] (II) IGLX: Loaded and initialized swrast
[    16.077] (II) GLX: Initialized DRISWRAST GL provider for screen 0
[    16.077] (II) Initializing extension XFree86-VidModeExtension
[    16.077] (II) Initializing extension XFree86-DGA
[    16.077] (II) Initializing extension XFree86-DRI
[    16.077] (II) Initializing extension DRI2
[    16.078] (II) modeset(0): Damage tracking initialized
[    16.078] (II) modeset(0): Setting screen physical size to 211 x 158
[    16.146] (II) config/udev: Adding input device Power Button (/dev/input/event0)
[    16.146] (**) Power Button: Applying InputClass "libinput keyboard catchall"
[    16.147] (II) LoadModule: "libinput"
[    16.147] (II) Loading /usr/lib/xorg/modules/input/libinput_drv.so
[    16.155] (II) Module libinput: vendor="X.Org Foundation"
[    16.156] 	compiled for 1.20.4, module version = 0.29.0
[    16.156] 	Module class: X.Org XInput Driver
[    16.156] 	ABI class: X.Org XInput driver, version 24.1
[    16.156] (II) Using input driver 'libinput' for 'Power Button'
[    16.157] (II) systemd-logind: got fd for /dev/input/event0 13:64 fd 20 paused 0
[    16.157] (**) Power Button: always reports core events
[    16.157] (**) Option "Device" "/dev/input/event0"
[    16.157] (**) Option "_source" "server/udev"
[    16.160] (II) event0  - Power Button: is tagged by udev as: Keyboard
[    16.160] (II) event0  - Power Button: device is a keyboard
[    16.160] (II) event0  - Power Button: device removed
[    16.160] (**) Option "config_info" "udev:/sys/devices/LNXSYSTM:00/LNXPWRBN:00/input/input0/event0"
[    16.160] (II) XINPUT: Adding extended input device "Power Button" (type: KEYBOARD, id 6)
[    16.160] (**) Option "xkb_model" "pc105"
[    16.160] (**) Option "xkb_layout" "kr"
[    16.160] (**) Option "xkb_variant" "kr104"
[    16.212] (II) event0  - Power Button: is tagged by udev as: Keyboard
[    16.212] (II) event0  - Power Button: device is a keyboard
[    16.217] (II) config/udev: Adding input device Sleep Button (/dev/input/event1)
[    16.218] (**) Sleep Button: Applying InputClass "libinput keyboard catchall"
[    16.218] (II) Using input driver 'libinput' for 'Sleep Button'
[    16.219] (II) systemd-logind: got fd for /dev/input/event1 13:65 fd 23 paused 0
[    16.219] (**) Sleep Button: always reports core events
[    16.219] (**) Option "Device" "/dev/input/event1"
[    16.219] (**) Option "_source" "server/udev"
[    16.220] (II) event1  - Sleep Button: is tagged by udev as: Keyboard
[    16.221] (II) event1  - Sleep Button: device is a keyboard
[    16.222] (II) event1  - Sleep Button: device removed
[    16.222] (**) Option "config_info" "udev:/sys/devices/LNXSYSTM:00/LNXSLPBN:00/input/input1/event1"
[    16.222] (II) XINPUT: Adding extended input device "Sleep Button" (type: KEYBOARD, id 7)
[    16.222] (**) Option "xkb_model" "pc105"
[    16.222] (**) Option "xkb_layout" "kr"
[    16.222] (**) Option "xkb_variant" "kr104"
[    16.223] (II) event1  - Sleep Button: is tagged by udev as: Keyboard
[    16.223] (II) event1  - Sleep Button: device is a keyboard
[    16.228] (II) config/udev: Adding input device Video Bus (/dev/input/event3)
[    16.230] (**) Video Bus: Applying InputClass "libinput keyboard catchall"
[    16.230] (II) Using input driver 'libinput' for 'Video Bus'
[    16.230] (II) systemd-logind: got fd for /dev/input/event3 13:67 fd 24 paused 0
[    16.230] (**) Video Bus: always reports core events
[    16.230] (**) Option "Device" "/dev/input/event3"
[    16.230] (**) Option "_source" "server/udev"
[    16.231] (II) event3  - Video Bus: is tagged by udev as: Keyboard
[    16.231] (II) event3  - Video Bus: device is a keyboard
[    16.231] (II) event3  - Video Bus: device removed
[    16.234] (**) Option "config_info" "udev:/sys/devices/LNXSYSTM:00/LNXSYBUS:00/PNP0A03:00/LNXVIDEO:00/input/input5/event3"
[    16.234] (II) XINPUT: Adding extended input device "Video Bus" (type: KEYBOARD, id 8)
[    16.234] (**) Option "xkb_model" "pc105"
[    16.234] (**) Option "xkb_layout" "kr"
[    16.234] (**) Option "xkb_variant" "kr104"
[    16.240] (II) event3  - Video Bus: is tagged by udev as: Keyboard
[    16.241] (II) event3  - Video Bus: device is a keyboard
[    16.241] (II) config/udev: Adding input device VirtualBox mouse integration (/dev/input/event6)
[    16.242] (**) VirtualBox mouse integration: Applying InputClass "libinput pointer catchall"
[    16.242] (II) Using input driver 'libinput' for 'VirtualBox mouse integration'
[    16.242] (II) systemd-logind: got fd for /dev/input/event6 13:70 fd 25 paused 0
[    16.242] (**) VirtualBox mouse integration: always reports core events
[    16.243] (**) Option "Device" "/dev/input/event6"
[    16.243] (**) Option "_source" "server/udev"
[    16.244] (II) event6  - VirtualBox mouse integration: is tagged by udev as: Mouse
[    16.244] (II) event6  - VirtualBox mouse integration: device is a pointer
[    16.244] (II) event6  - VirtualBox mouse integration: device removed
[    16.244] (**) Option "config_info" "udev:/sys/devices/pci0000:00/0000:00:04.0/input/input7/event6"
[    16.244] (II) XINPUT: Adding extended input device "VirtualBox mouse integration" (type: MOUSE, id 9)
[    16.244] (**) Option "AccelerationScheme" "none"
[    16.245] (**) VirtualBox mouse integration: (accel) selected scheme none/0
[    16.245] (**) VirtualBox mouse integration: (accel) acceleration factor: 2.000
[    16.245] (**) VirtualBox mouse integration: (accel) acceleration threshold: 4
[    16.246] (II) event6  - VirtualBox mouse integration: is tagged by udev as: Mouse
[    16.247] (II) event6  - VirtualBox mouse integration: device is a pointer
[    16.248] (II) config/udev: Adding input device VirtualBox mouse integration (/dev/input/js1)
[    16.248] (II) No input driver specified, ignoring this device.
[    16.248] (II) This device may have been added with another device file.
[    16.256] (II) config/udev: Adding input device VirtualBox mouse integration (/dev/input/mouse2)
[    16.257] (II) No input driver specified, ignoring this device.
[    16.257] (II) This device may have been added with another device file.
[    16.258] (II) config/udev: Adding input device HDA Intel Speaker Front (/dev/input/event9)
[    16.258] (II) No input driver specified, ignoring this device.
[    16.258] (II) This device may have been added with another device file.
[    16.259] (II) config/udev: Adding input device HDA Intel Speaker CLFE (/dev/input/event10)
[    16.259] (II) No input driver specified, ignoring this device.
[    16.259] (II) This device may have been added with another device file.
[    16.260] (II) config/udev: Adding input device HDA Intel Front Headphone (/dev/input/event11)
[    16.260] (II) No input driver specified, ignoring this device.
[    16.260] (II) This device may have been added with another device file.
[    16.261] (II) config/udev: Adding input device HDA Intel SPDIF In (/dev/input/event12)
[    16.261] (II) No input driver specified, ignoring this device.
[    16.261] (II) This device may have been added with another device file.
[    16.264] (II) config/udev: Adding input device HDA Intel Mic (/dev/input/event7)
[    16.264] (II) No input driver specified, ignoring this device.
[    16.264] (II) This device may have been added with another device file.
[    16.266] (II) config/udev: Adding input device HDA Intel Line (/dev/input/event8)
[    16.266] (II) No input driver specified, ignoring this device.
[    16.266] (II) This device may have been added with another device file.
[    16.268] (II) config/udev: Adding input device VirtualBox USB Tablet (/dev/input/event5)
[    16.269] (**) VirtualBox USB Tablet: Applying InputClass "libinput pointer catchall"
[    16.271] (II) Using input driver 'libinput' for 'VirtualBox USB Tablet'
[    16.329] (II) systemd-logind: got fd for /dev/input/event5 13:69 fd 26 paused 0
[    16.329] (**) VirtualBox USB Tablet: always reports core events
[    16.329] (**) Option "Device" "/dev/input/event5"
[    16.329] (**) Option "_source" "server/udev"
[    16.329] (II) event5  - VirtualBox USB Tablet: is tagged by udev as: Mouse
[    16.330] (II) event5  - VirtualBox USB Tablet: device is a pointer
[    16.330] (II) event5  - VirtualBox USB Tablet: device removed
[    16.330] (**) Option "config_info" "udev:/sys/devices/pci0000:00/0000:00:06.0/usb1/1-1/1-1:1.0/0003:80EE:0021.0001/input/input6/event5"
[    16.330] (II) XINPUT: Adding extended input device "VirtualBox USB Tablet" (type: MOUSE, id 10)
[    16.330] (**) Option "AccelerationScheme" "none"
[    16.330] (**) VirtualBox USB Tablet: (accel) selected scheme none/0
[    16.330] (**) VirtualBox USB Tablet: (accel) acceleration factor: 2.000
[    16.330] (**) VirtualBox USB Tablet: (accel) acceleration threshold: 4
[    16.330] (II) event5  - VirtualBox USB Tablet: is tagged by udev as: Mouse
[    16.331] (II) event5  - VirtualBox USB Tablet: device is a pointer
[    16.331] (II) config/udev: Adding input device VirtualBox USB Tablet (/dev/input/js0)
[    16.331] (II) No input driver specified, ignoring this device.
[    16.331] (II) This device may have been added with another device file.
[    16.331] (II) config/udev: Adding input device VirtualBox USB Tablet (/dev/input/mouse1)
[    16.331] (II) No input driver specified, ignoring this device.
[    16.331] (II) This device may have been added with another device file.
[    16.332] (II) config/udev: Adding input device AT Translated Set 2 keyboard (/dev/input/event2)
[    16.332] (**) AT Translated Set 2 keyboard: Applying InputClass "libinput keyboard catchall"
[    16.332] (II) Using input driver 'libinput' for 'AT Translated Set 2 keyboard'
[    16.339] (II) systemd-logind: got fd for /dev/input/event2 13:66 fd 27 paused 0
[    16.340] (**) AT Translated Set 2 keyboard: always reports core events
[    16.340] (**) Option "Device" "/dev/input/event2"
[    16.340] (**) Option "_source" "server/udev"
[    16.342] (II) event2  - AT Translated Set 2 keyboard: is tagged by udev as: Keyboard
[    16.342] (II) event2  - AT Translated Set 2 keyboard: device is a keyboard
[    16.342] (II) event2  - AT Translated Set 2 keyboard: device removed
[    16.342] (**) Option "config_info" "udev:/sys/devices/platform/i8042/serio0/input/input2/event2"
[    16.342] (II) XINPUT: Adding extended input device "AT Translated Set 2 keyboard" (type: KEYBOARD, id 11)
[    16.343] (**) Option "xkb_model" "pc105"
[    16.343] (**) Option "xkb_layout" "kr"
[    16.343] (**) Option "xkb_variant" "kr104"
[    16.349] (II) event2  - AT Translated Set 2 keyboard: is tagged by udev as: Keyboard
[    16.349] (II) event2  - AT Translated Set 2 keyboard: device is a keyboard
[    16.351] (II) config/udev: Adding input device ImExPS/2 Generic Explorer Mouse (/dev/input/event4)
[    16.351] (**) ImExPS/2 Generic Explorer Mouse: Applying InputClass "libinput pointer catchall"
[    16.351] (II) Using input driver 'libinput' for 'ImExPS/2 Generic Explorer Mouse'
[    16.352] (II) systemd-logind: got fd for /dev/input/event4 13:68 fd 28 paused 0
[    16.352] (**) ImExPS/2 Generic Explorer Mouse: always reports core events
[    16.352] (**) Option "Device" "/dev/input/event4"
[    16.352] (**) Option "_source" "server/udev"
[    16.353] (II) event4  - ImExPS/2 Generic Explorer Mouse: is tagged by udev as: Mouse
[    16.353] (II) event4  - ImExPS/2 Generic Explorer Mouse: device is a pointer
[    16.354] (II) event4  - ImExPS/2 Generic Explorer Mouse: device removed
[    16.354] (**) Option "config_info" "udev:/sys/devices/platform/i8042/serio1/input/input4/event4"
[    16.354] (II) XINPUT: Adding extended input device "ImExPS/2 Generic Explorer Mouse" (type: MOUSE, id 12)
[    16.354] (**) Option "AccelerationScheme" "none"
[    16.354] (**) ImExPS/2 Generic Explorer Mouse: (accel) selected scheme none/0
[    16.354] (**) ImExPS/2 Generic Explorer Mouse: (accel) acceleration factor: 2.000
[    16.354] (**) ImExPS/2 Generic Explorer Mouse: (accel) acceleration threshold: 4
[    16.355] (II) event4  - ImExPS/2 Generic Explorer Mouse: is tagged by udev as: Mouse
[    16.356] (II) event4  - ImExPS/2 Generic Explorer Mouse: device is a pointer
[    16.358] (II) config/udev: Adding input device ImExPS/2 Generic Explorer Mouse (/dev/input/mouse0)
[    16.358] (II) No input driver specified, ignoring this device.
[    16.358] (II) This device may have been added with another device file.
[    17.302] (II) modeset(0): EDID vendor "VBX", prod id 0
[    17.302] (II) modeset(0): DDCModeFromDetailedTiming: 800x600 Warning: We only handle separate sync.
[    17.302] (II) modeset(0): Using EDID range info for horizontal sync
[    17.302] (II) modeset(0): Using EDID range info for vertical refresh
